<?xml version="1.0" encoding="UTF-8"?>
<!-- Generated by org.testng.reporters.JUnitXMLReporter -->
<testsuite ignored="0" hostname="LAPTOP-JTV0PAQQ" failures="1" tests="2" name="ErrorCheck" time="17.807" errors="0" timestamp="2022-10-02T21:56:27 IST">
  <testcase classname="parent.testClass.EndToEndTest2ErrorCheck" name="EndToEndtest" time="0.712">
    <failure type="java.lang.AssertionError" message="expected [ncorrect email or password.] but found [Incorrect email or password.]">
      <![CDATA[java.lang.AssertionError: expected [ncorrect email or password.] but found [Incorrect email or password.]
at parent.testClass.EndToEndTest2ErrorCheck.EndToEndtest(EndToEndTest2ErrorCheck.java:17)
at java.base/java.util.ArrayList.forEach(ArrayList.java:1511)
... Removed 31 stack frames]]>
    </failure>
  </testcase> <!-- EndToEndtest -->
  <testcase classname="parent.testClass.EndToEndTest2ErrorCheck" name="EndToEndtestt" time="1.005"/>
</testsuite> <!-- ErrorCheck -->
